2025-10-28 21:11:38,885 - [Utils] MethodGroupsHelper.collectMethodsByGroup() took 0 ms.
2025-10-28 21:11:38,887 - [Utils] MethodGroupsHelper.sortMethods() took 0 ms.
2025-10-28 21:11:38,888 - [Utils] MethodGroupsHelper.collectMethodsByGroup() took 0 ms.
2025-10-28 21:11:38,888 - [Utils] MethodGroupsHelper.sortMethods() took 0 ms.
2025-10-28 21:11:38,888 - [Utils] MethodGroupsHelper.collectMethodsByGroup() took 0 ms.
2025-10-28 21:11:38,888 - [Utils] MethodGroupsHelper.sortMethods() took 0 ms.
2025-10-28 21:11:38,888 - [Utils] MethodGroupsHelper.collectMethodsByGroup() took 0 ms.
2025-10-28 21:11:38,888 - [Utils] MethodGroupsHelper.sortMethods() took 0 ms.
2025-10-28 21:11:38,890 - [Utils] MethodGroupsHelper.collectMethodsByGroup() took 0 ms.
2025-10-28 21:11:38,894 - [Utils] MethodGroupsHelper.sortMethods() took 3 ms.
2025-10-28 21:11:38,894 - [Utils] MethodGroupsHelper.collectMethodsByGroup() took 0 ms.
2025-10-28 21:11:38,894 - [Utils] MethodGroupsHelper.sortMethods() took 0 ms.
2025-10-28 21:11:38,895 - [Utils] MethodGroupsHelper.collectMethodsByGroup() took 0 ms.
2025-10-28 21:11:38,895 - [Utils] MethodGroupsHelper.sortMethods() took 0 ms.
2025-10-28 21:11:38,895 - [Utils] MethodGroupsHelper.collectMethodsByGroup() took 0 ms.
2025-10-28 21:11:38,895 - [Utils] MethodGroupsHelper.sortMethods() took 0 ms.
2025-10-28 21:11:38,895 - [Utils] MethodGroupsHelper.collectMethodsByGroup() took 0 ms.
2025-10-28 21:11:38,895 - [Utils] MethodGroupsHelper.sortMethods() took 0 ms.
2025-10-28 21:11:38,896 - [Utils] MethodGroupsHelper.collectMethodsByGroup() took 0 ms.
2025-10-28 21:11:38,896 - [Utils] MethodGroupsHelper.sortMethods() took 0 ms.
2025-10-28 21:11:38,896 - [Utils] MethodGroupsHelper.collectMethodsByGroup() took 0 ms.
2025-10-28 21:11:38,896 - [Utils] MethodGroupsHelper.sortMethods() took 0 ms.
2025-10-28 21:11:38,897 - [Utils] MethodGroupsHelper.collectMethodsByGroup() took 0 ms.
2025-10-28 21:11:38,897 - [Utils] MethodGroupsHelper.sortMethods() took 0 ms.
2025-10-28 21:11:38,897 - [Utils] MethodGroupsHelper.collectMethodsByGroup() took 0 ms.
2025-10-28 21:11:38,897 - [Utils] MethodGroupsHelper.sortMethods() took 0 ms.
2025-10-28 21:11:38,898 - [Utils] MethodGroupsHelper.collectMethodsByGroup() took 0 ms.
2025-10-28 21:11:38,898 - [Utils] MethodGroupsHelper.sortMethods() took 0 ms.
2025-10-28 21:11:38,898 - [Utils] MethodGroupsHelper.collectMethodsByGroup() took 0 ms.
2025-10-28 21:11:38,898 - [Utils] MethodGroupsHelper.sortMethods() took 0 ms.
2025-10-28 21:11:38,900 - [TestNG] Running:
  /private/var/folders/1k/kfff2mfs47q7cc5ksybf1yb80000gp/T/testng-eclipse--1117737126/testng-customsuite.xml

2025-10-28 21:11:38,907 - [Utils] DynamicGraphHelper.createDynamicGraph() took 1 ms.
2025-10-28 21:11:58,916 - **** Starting of TC001_AccountRegistrationTest ****
2025-10-28 21:11:58,967 - **** Clicked on MyAccount ****
2025-10-28 21:11:59,518 - **** Clicked on Register ****
2025-10-28 21:11:59,519 - **** Providing the customer details ****
2025-10-28 21:12:00,598 - **** Finished the TC001_AccountRegistrationTest
2025-10-28 21:12:00,736 - [TestNG] Time taken by org.testng.reporters.jq.Main@bdecc21: 14 ms
2025-10-28 21:12:00,737 - [TestNG] Time taken by org.testng.reporters.FailedReporter@201aa8c1: 1 ms
2025-10-28 21:12:00,739 - [TestNG] Time taken by org.testng.reporters.XMLReporter@4aac85fa: 2 ms
2025-10-28 21:12:00,740 - [TestNG] Time taken by org.testng.reporters.EmailableReporter2@68809cc7: 1 ms
2025-10-28 21:12:00,741 - [TestNG] Time taken by org.testng.reporters.JUnitReportReporter@13cd7ea5: 1 ms
2025-10-28 21:12:00,741 - [TestNG] Time taken by org.testng.internal.ExitCodeListener@102d92c4: 0 ms
2025-10-28 21:22:16,028 - [Utils] MethodGroupsHelper.collectMethodsByGroup() took 0 ms.
2025-10-28 21:22:16,031 - [Utils] MethodGroupsHelper.sortMethods() took 0 ms.
2025-10-28 21:22:16,032 - [Utils] MethodGroupsHelper.collectMethodsByGroup() took 0 ms.
2025-10-28 21:22:16,034 - [Utils] MethodGroupsHelper.sortMethods() took 0 ms.
2025-10-28 21:22:16,034 - [Utils] MethodGroupsHelper.collectMethodsByGroup() took 0 ms.
2025-10-28 21:22:16,034 - [Utils] MethodGroupsHelper.sortMethods() took 0 ms.
2025-10-28 21:22:16,035 - [Utils] MethodGroupsHelper.collectMethodsByGroup() took 0 ms.
2025-10-28 21:22:16,035 - [Utils] MethodGroupsHelper.sortMethods() took 0 ms.
2025-10-28 21:22:16,038 - [Utils] MethodGroupsHelper.collectMethodsByGroup() took 1 ms.
2025-10-28 21:22:16,048 - [Utils] MethodGroupsHelper.sortMethods() took 10 ms.
2025-10-28 21:22:16,049 - [Utils] MethodGroupsHelper.collectMethodsByGroup() took 0 ms.
2025-10-28 21:22:16,049 - [Utils] MethodGroupsHelper.sortMethods() took 0 ms.
2025-10-28 21:22:16,049 - [Utils] MethodGroupsHelper.collectMethodsByGroup() took 0 ms.
2025-10-28 21:22:16,049 - [Utils] MethodGroupsHelper.sortMethods() took 0 ms.
2025-10-28 21:22:16,050 - [Utils] MethodGroupsHelper.collectMethodsByGroup() took 0 ms.
2025-10-28 21:22:16,050 - [Utils] MethodGroupsHelper.sortMethods() took 0 ms.
2025-10-28 21:22:16,051 - [Utils] MethodGroupsHelper.collectMethodsByGroup() took 0 ms.
2025-10-28 21:22:16,051 - [Utils] MethodGroupsHelper.sortMethods() took 0 ms.
2025-10-28 21:22:16,051 - [Utils] MethodGroupsHelper.collectMethodsByGroup() took 0 ms.
2025-10-28 21:22:16,051 - [Utils] MethodGroupsHelper.sortMethods() took 0 ms.
2025-10-28 21:22:16,052 - [Utils] MethodGroupsHelper.collectMethodsByGroup() took 0 ms.
2025-10-28 21:22:16,052 - [Utils] MethodGroupsHelper.sortMethods() took 0 ms.
2025-10-28 21:22:16,052 - [Utils] MethodGroupsHelper.collectMethodsByGroup() took 0 ms.
2025-10-28 21:22:16,052 - [Utils] MethodGroupsHelper.sortMethods() took 0 ms.
2025-10-28 21:22:16,053 - [Utils] MethodGroupsHelper.collectMethodsByGroup() took 0 ms.
2025-10-28 21:22:16,053 - [Utils] MethodGroupsHelper.sortMethods() took 0 ms.
2025-10-28 21:22:16,053 - [Utils] MethodGroupsHelper.collectMethodsByGroup() took 0 ms.
2025-10-28 21:22:16,054 - [Utils] MethodGroupsHelper.sortMethods() took 0 ms.
2025-10-28 21:22:16,054 - [Utils] MethodGroupsHelper.collectMethodsByGroup() took 0 ms.
2025-10-28 21:22:16,054 - [Utils] MethodGroupsHelper.sortMethods() took 0 ms.
2025-10-28 21:22:16,057 - [TestNG] Running:
  /private/var/folders/1k/kfff2mfs47q7cc5ksybf1yb80000gp/T/testng-eclipse-1935120037/testng-customsuite.xml

2025-10-28 21:22:16,065 - [Utils] DynamicGraphHelper.createDynamicGraph() took 1 ms.
2025-10-28 21:22:25,606 - **** Starting of TC001_AccountRegistrationTest ****
2025-10-28 21:22:25,659 - **** Clicked on MyAccount ****
2025-10-28 21:22:27,087 - **** Clicked on Register ****
2025-10-28 21:22:27,089 - **** Providing the customer details ****
2025-10-28 21:22:28,639 - Test failed..
2025-10-28 21:22:28,831 - [TestNG] Time taken by org.testng.reporters.jq.Main@21fff664: 22 ms
2025-10-28 21:22:28,836 - [TestNG] Time taken by org.testng.reporters.FailedReporter@29be7749: 4 ms
2025-10-28 21:22:28,839 - [TestNG] Time taken by org.testng.reporters.XMLReporter@21ab988f: 3 ms
2025-10-28 21:22:28,841 - [TestNG] Time taken by org.testng.reporters.EmailableReporter2@5ca1f591: 2 ms
2025-10-28 21:22:28,843 - [TestNG] Time taken by org.testng.reporters.JUnitReportReporter@6a969fb8: 2 ms
2025-10-28 21:22:28,843 - [TestNG] Time taken by org.testng.internal.ExitCodeListener@7a18e8d: 0 ms
2025-10-28 21:27:23,195 - [Utils] MethodGroupsHelper.collectMethodsByGroup() took 0 ms.
2025-10-28 21:27:23,197 - [Utils] MethodGroupsHelper.sortMethods() took 0 ms.
2025-10-28 21:27:23,197 - [Utils] MethodGroupsHelper.collectMethodsByGroup() took 0 ms.
2025-10-28 21:27:23,197 - [Utils] MethodGroupsHelper.sortMethods() took 0 ms.
2025-10-28 21:27:23,197 - [Utils] MethodGroupsHelper.collectMethodsByGroup() took 0 ms.
2025-10-28 21:27:23,198 - [Utils] MethodGroupsHelper.sortMethods() took 0 ms.
2025-10-28 21:27:23,198 - [Utils] MethodGroupsHelper.collectMethodsByGroup() took 0 ms.
2025-10-28 21:27:23,198 - [Utils] MethodGroupsHelper.sortMethods() took 0 ms.
2025-10-28 21:27:23,199 - [Utils] MethodGroupsHelper.collectMethodsByGroup() took 0 ms.
2025-10-28 21:27:23,203 - [Utils] MethodGroupsHelper.sortMethods() took 3 ms.
2025-10-28 21:27:23,203 - [Utils] MethodGroupsHelper.collectMethodsByGroup() took 0 ms.
2025-10-28 21:27:23,204 - [Utils] MethodGroupsHelper.sortMethods() took 0 ms.
2025-10-28 21:27:23,204 - [Utils] MethodGroupsHelper.collectMethodsByGroup() took 0 ms.
2025-10-28 21:27:23,204 - [Utils] MethodGroupsHelper.sortMethods() took 0 ms.
2025-10-28 21:27:23,204 - [Utils] MethodGroupsHelper.collectMethodsByGroup() took 0 ms.
2025-10-28 21:27:23,204 - [Utils] MethodGroupsHelper.sortMethods() took 0 ms.
2025-10-28 21:27:23,205 - [Utils] MethodGroupsHelper.collectMethodsByGroup() took 0 ms.
2025-10-28 21:27:23,205 - [Utils] MethodGroupsHelper.sortMethods() took 0 ms.
2025-10-28 21:27:23,205 - [Utils] MethodGroupsHelper.collectMethodsByGroup() took 0 ms.
2025-10-28 21:27:23,205 - [Utils] MethodGroupsHelper.sortMethods() took 0 ms.
2025-10-28 21:27:23,206 - [Utils] MethodGroupsHelper.collectMethodsByGroup() took 0 ms.
2025-10-28 21:27:23,206 - [Utils] MethodGroupsHelper.sortMethods() took 0 ms.
2025-10-28 21:27:23,206 - [Utils] MethodGroupsHelper.collectMethodsByGroup() took 0 ms.
2025-10-28 21:27:23,206 - [Utils] MethodGroupsHelper.sortMethods() took 0 ms.
2025-10-28 21:27:23,207 - [Utils] MethodGroupsHelper.collectMethodsByGroup() took 0 ms.
2025-10-28 21:27:23,207 - [Utils] MethodGroupsHelper.sortMethods() took 0 ms.
2025-10-28 21:27:23,207 - [Utils] MethodGroupsHelper.collectMethodsByGroup() took 0 ms.
2025-10-28 21:27:23,207 - [Utils] MethodGroupsHelper.sortMethods() took 0 ms.
2025-10-28 21:27:23,207 - [Utils] MethodGroupsHelper.collectMethodsByGroup() took 0 ms.
2025-10-28 21:27:23,207 - [Utils] MethodGroupsHelper.sortMethods() took 0 ms.
2025-10-28 21:27:23,210 - [TestNG] Running:
  /private/var/folders/1k/kfff2mfs47q7cc5ksybf1yb80000gp/T/testng-eclipse-905576308/testng-customsuite.xml

2025-10-28 21:27:23,216 - [Utils] DynamicGraphHelper.createDynamicGraph() took 1 ms.
2025-10-28 21:27:28,481 - **** Starting of TC001_AccountRegistrationTest ****
2025-10-28 21:27:28,532 - **** Clicked on MyAccount ****
2025-10-28 21:27:29,140 - **** Clicked on Register ****
2025-10-28 21:27:29,141 - **** Providing the customer details ****
2025-10-28 21:27:30,632 - **** Finished the TC001_AccountRegistrationTest
2025-10-28 21:27:30,771 - [TestNG] Time taken by org.testng.reporters.jq.Main@56ccd751: 18 ms
2025-10-28 21:27:30,772 - [TestNG] Time taken by org.testng.reporters.FailedReporter@2d66530f: 0 ms
2025-10-28 21:27:30,774 - [TestNG] Time taken by org.testng.reporters.XMLReporter@6872f9c8: 2 ms
2025-10-28 21:27:30,776 - [TestNG] Time taken by org.testng.reporters.EmailableReporter2@66bfd864: 2 ms
2025-10-28 21:27:30,777 - [TestNG] Time taken by org.testng.reporters.JUnitReportReporter@5486887b: 1 ms
2025-10-28 21:27:30,777 - [TestNG] Time taken by org.testng.internal.ExitCodeListener@5226e402: 0 ms
2025-10-28 22:12:16,553 - [TestNG] Running:
  /Users/Harsha/Documents/GitHub/Automation-projects-portifolio/OpencartV121/testng.xml

2025-10-28 22:13:09,036 - [TestNG] Running:
  /Users/Harsha/Documents/GitHub/Automation-projects-portifolio/OpencartV121/testng.xml

2025-10-28 22:16:24,654 - [TestNG] Running:
  /Users/Harsha/Documents/GitHub/Automation-projects-portifolio/OpencartV121/testng.xml

2025-10-28 22:16:35,199 - **** Starting of TC001_AccountRegistrationTest ****
2025-10-28 22:16:35,264 - **** Clicked on MyAccount ****
2025-10-28 22:16:35,679 - **** Clicked on Register ****
2025-10-28 22:16:35,680 - **** Providing the customer details ****
2025-10-28 22:16:37,120 - **** Finished the TC001_AccountRegistrationTest
2025-10-28 22:16:50,415 - [TestNG] Running:
  /Users/Harsha/Documents/GitHub/Automation-projects-portifolio/OpencartV121/testng.xml

2025-10-28 22:16:55,969 - **** Starting of TC001_AccountRegistrationTest ****
2025-10-28 22:16:56,010 - **** Clicked on MyAccount ****
2025-10-28 22:16:56,792 - **** Clicked on Register ****
2025-10-28 22:16:56,793 - **** Providing the customer details ****
2025-10-28 22:16:58,027 - **** Finished the TC001_AccountRegistrationTest
2025-10-28 22:17:59,121 - [TestNG] Running:
  /Users/Harsha/Documents/GitHub/Automation-projects-portifolio/OpencartV121/testng.xml

2025-10-28 22:18:03,319 - **** Starting of TC001_AccountRegistrationTest ****
2025-10-28 22:18:03,366 - **** Clicked on MyAccount ****
2025-10-28 22:18:03,792 - **** Clicked on Register ****
2025-10-28 22:18:03,793 - **** Providing the customer details ****
2025-10-28 22:18:04,810 - **** Finished the TC001_AccountRegistrationTest
2025-10-28 22:18:24,950 - [TestNG] Running:
  /Users/Harsha/Documents/GitHub/Automation-projects-portifolio/OpencartV121/testng.xml

2025-10-28 22:19:20,424 - [TestNG] Running:
  /Users/Harsha/Documents/GitHub/Automation-projects-portifolio/OpencartV121/testng.xml

2025-10-28 22:23:06,531 - [TestNG] Running:
  /Users/Harsha/Documents/GitHub/Automation-projects-portifolio/OpencartV121/testng.xml

2025-10-28 22:23:22,128 - **** Starting of TC001_AccountRegistrationTest ****
2025-10-28 22:23:22,204 - **** Clicked on MyAccount ****
2025-10-28 22:23:22,744 - **** Clicked on Register ****
2025-10-28 22:23:22,745 - **** Providing the customer details ****
2025-10-28 22:23:24,586 - **** Finished the TC001_AccountRegistrationTest
2025-10-28 22:30:35,277 - [TestNG] Running:
  /Users/Harsha/Documents/GitHub/Automation-projects-portifolio/OpencartV121/crossbrowsertesting.xml

2025-10-28 22:30:39,412 - **** Starting of TC001_AccountRegistrationTest ****
2025-10-28 22:30:39,462 - **** Clicked on MyAccount ****
2025-10-28 22:30:39,889 - **** Clicked on Register ****
2025-10-28 22:30:39,890 - **** Providing the customer details ****
2025-10-28 22:30:41,679 - **** Finished the TC001_AccountRegistrationTest
2025-10-28 22:30:46,278 - **** Starting of TC001_AccountRegistrationTest ****
2025-10-28 22:30:46,319 - **** Clicked on MyAccount ****
2025-10-28 22:30:47,059 - **** Clicked on Register ****
2025-10-28 22:30:47,060 - **** Providing the customer details ****
2025-10-28 22:30:48,726 - **** Finished the TC001_AccountRegistrationTest
2025-10-28 22:34:07,763 - [TestNG] Running:
  /Users/Harsha/Documents/GitHub/Automation-projects-portifolio/OpencartV121/Master.xml

2025-10-28 22:40:44,737 - [TestNG] Running:
  /Users/Harsha/Documents/GitHub/Automation-projects-portifolio/OpencartV121/Master.xml

2025-10-28 22:49:56,475 - [TestNG] Running:
  /Users/Harsha/Documents/GitHub/Automation-projects-portifolio/OpencartV121/Master.xml

2025-10-28 22:57:36,680 - [TestNG] Running:
  /Users/Harsha/Documents/GitHub/Automation-projects-portifolio/OpencartV121/crossbrowsertesting.xml

2025-10-28 22:57:41,873 - **** Starting of TC001_AccountRegistrationTest ****
2025-10-28 22:57:41,933 - **** Clicked on MyAccount ****
2025-10-28 22:57:42,283 - **** Starting of TC001_AccountRegistrationTest ****
2025-10-28 22:57:42,319 - **** Clicked on MyAccount ****
2025-10-28 22:57:42,330 - **** Clicked on Register ****
2025-10-28 22:57:42,332 - **** Providing the customer details ****
2025-10-28 22:57:43,049 - **** Clicked on Register ****
2025-10-28 22:57:43,050 - **** Providing the customer details ****
2025-10-28 22:57:43,464 - **** Finished the TC001_AccountRegistrationTest
2025-10-28 22:57:44,171 - **** Finished the TC001_AccountRegistrationTest
2025-10-28 23:19:51,088 - [TestNG] Running:
  /Users/Harsha/Documents/GitHub/Automation-projects-portifolio/OpencartV121/Master.xml

2025-10-28 23:22:00,984 - [TestNG] Running:
  /Users/Harsha/Documents/GitHub/Automation-projects-portifolio/OpencartV121/Master.xml

2025-10-28 23:24:43,842 - [TestNG] Running:
  /Users/Harsha/Documents/GitHub/Automation-projects-portifolio/OpencartV121/Master.xml

2025-10-28 23:27:51,544 - [TestNG] Running:
  /Users/Harsha/Documents/GitHub/Automation-projects-portifolio/OpencartV121/Master.xml

2025-10-28 23:27:55,392 - **** Starting of TC001_AccountRegistrationTest ****
2025-10-28 23:27:55,453 - **** Clicked on MyAccount ****
2025-10-28 23:27:55,817 - **** Clicked on Register ****
2025-10-28 23:27:55,818 - **** Providing the customer details ****
2025-10-28 23:27:57,100 - **** Finished the TC001_AccountRegistrationTest
2025-10-28 23:28:13,928 - [TestNG] Running:
  /Users/Harsha/Documents/GitHub/Automation-projects-portifolio/OpencartV121/Master.xml

2025-10-28 23:28:16,604 - **** Starting of TC001_AccountRegistrationTest ****
2025-10-28 23:28:16,650 - **** Clicked on MyAccount ****
2025-10-28 23:28:17,088 - **** Clicked on Register ****
2025-10-28 23:28:17,090 - **** Providing the customer details ****
2025-10-28 23:28:18,365 - **** Finished the TC001_AccountRegistrationTest
2025-10-28 23:28:29,055 - [TestNG] Running:
  /Users/Harsha/Documents/GitHub/Automation-projects-portifolio/OpencartV121/crossbrowsertesting.xml

2025-10-28 23:28:32,059 - **** Starting of TC001_AccountRegistrationTest ****
2025-10-28 23:28:32,102 - **** Clicked on MyAccount ****
2025-10-28 23:28:32,630 - **** Clicked on Register ****
2025-10-28 23:28:32,632 - **** Providing the customer details ****
2025-10-28 23:28:33,270 - **** Starting of TC001_AccountRegistrationTest ****
2025-10-28 23:28:33,330 - **** Clicked on MyAccount ****
2025-10-28 23:28:33,698 - **** Clicked on Register ****
2025-10-28 23:28:33,701 - **** Providing the customer details ****
2025-10-28 23:28:33,712 - **** Finished the TC001_AccountRegistrationTest
2025-10-28 23:28:34,691 - **** Finished the TC001_AccountRegistrationTest
2025-10-28 23:29:26,525 - [TestNG] Running:
  /Users/Harsha/Documents/GitHub/Automation-projects-portifolio/OpencartV121/Master.xml

2025-10-29 00:38:37,423 - [TestNG] Running:
  /Users/Harsha/Documents/GitHub/Automation-projects-portifolio/OpencartV121/Master.xml

2025-10-29 00:39:14,422 - [TestNG] Running:
  /Users/Harsha/Documents/GitHub/Automation-projects-portifolio/OpencartV121/Master.xml

2025-10-29 00:39:22,151 - **** Started TC002_LoginTest ****
2025-10-29 00:41:20,881 - [TestNG] Running:
  /Users/Harsha/Documents/GitHub/Automation-projects-portifolio/OpencartV121/Master.xml

2025-10-29 00:41:24,446 - **** Started TC002_LoginTest ****
2025-10-29 00:41:26,141 - **** Finished TC002_LoginTest ****
